<?xml version="1.0" encoding="UTF-8"?>
<!-- Generated by org.testng.reporters.JUnitReportReporter -->
<testsuite skipped="0" hostname="HaiYen-PC" name="com.liveguru.login.Level_04_Register_Login_Multiple_Browser" tests="12" failures="0" timestamp="30 Mar 2021 07:41:15 GMT" time="98.753" errors="0">
  <testcase name="Login_02_Invalid_Email" time="6.178" classname="com.liveguru.login.Level_04_Register_Login_Multiple_Browser"/>
  <testcase name="Login_06_Valid_Email_And_Password" time="9.961" classname="com.liveguru.login.Level_04_Register_Login_Multiple_Browser"/>
  <testcase name="Login_03_Invalid_Password" time="3.388" classname="com.liveguru.login.Level_04_Register_Login_Multiple_Browser"/>
  <testcase name="Login_01_Empty_Email_And_Password" time="17.407" classname="com.liveguru.login.Level_04_Register_Login_Multiple_Browser"/>
  <testcase name="Login_05_Incorrect_Password" time="4.134" classname="com.liveguru.login.Level_04_Register_Login_Multiple_Browser"/>
  <testcase name="Login_03_Invalid_Password" time="5.389" classname="com.liveguru.login.Level_04_Register_Login_Multiple_Browser"/>
  <testcase name="Login_04_Incorrect_Email" time="12.543" classname="com.liveguru.login.Level_04_Register_Login_Multiple_Browser"/>
  <testcase name="Login_01_Empty_Email_And_Password" time="8.902" classname="com.liveguru.login.Level_04_Register_Login_Multiple_Browser"/>
  <testcase name="Login_06_Valid_Email_And_Password" time="9.236" classname="com.liveguru.login.Level_04_Register_Login_Multiple_Browser"/>
  <testcase name="Login_05_Incorrect_Password" time="14.977" classname="com.liveguru.login.Level_04_Register_Login_Multiple_Browser"/>
  <testcase name="Login_04_Incorrect_Email" time="3.243" classname="com.liveguru.login.Level_04_Register_Login_Multiple_Browser"/>
  <testcase name="Login_02_Invalid_Email" time="3.395" classname="com.liveguru.login.Level_04_Register_Login_Multiple_Browser"/>
</testsuite> <!-- com.liveguru.login.Level_04_Register_Login_Multiple_Browser -->
