<?xml version="1.0" encoding="UTF-8"?>
<!-- Generated by org.testng.reporters.JUnitReportReporter -->
<testsuite skipped="0" hostname="HaiYen-PC" name="com.nopcommerce.register.Register" tests="3" failures="0" timestamp="06 Apr 2021 19:22:42 GMT" time="8.675" errors="0">
  <testcase name="TC_05_Register_With_Unmatching_Confirm_Password" time="2.598" classname="com.nopcommerce.register.Register"/>
  <testcase name="TC_06_Register_With_Valid_Data" time="4.068" classname="com.nopcommerce.register.Register"/>
  <testcase name="TC_02_Register_With_Wrong_Email" time="2.009" classname="com.nopcommerce.register.Register"/>
</testsuite> <!-- com.nopcommerce.register.Register -->
