<?xml version="1.0" encoding="UTF-8"?>
<!-- Generated by org.testng.reporters.JUnitReportReporter -->
<testsuite skipped="0" hostname="HaiYen-PC" name="com.liveguru.login.Level_03_Register_Login_Page_Object" tests="6" failures="0" timestamp="30 Mar 2021 05:03:18 GMT" time="67.849" errors="0">
  <testcase name="Login_04_Incorrect_Email" time="10.664" classname="com.liveguru.login.Level_03_Register_Login_Page_Object"/>
  <testcase name="Login_01_Empty_Email_And_Password" time="15.214" classname="com.liveguru.login.Level_03_Register_Login_Page_Object"/>
  <testcase name="Login_03_Invalid_Password" time="10.738" classname="com.liveguru.login.Level_03_Register_Login_Page_Object"/>
  <testcase name="Login_02_Invalid_Email" time="8.582" classname="com.liveguru.login.Level_03_Register_Login_Page_Object"/>
  <testcase name="Login_06_Valid_Email_And_Password" time="7.733" classname="com.liveguru.login.Level_03_Register_Login_Page_Object"/>
  <testcase name="Login_05_Incorrect_Password" time="14.918" classname="com.liveguru.login.Level_03_Register_Login_Page_Object"/>
</testsuite> <!-- com.liveguru.login.Level_03_Register_Login_Page_Object -->
