<?xml version="1.0" encoding="UTF-8"?>
<!-- Generated by org.testng.reporters.JUnitReportReporter -->
<testsuite skipped="0" hostname="HaiYen-PC" name="com.liveguru.login.Level_04_Register_Login_Multiple_Browser" tests="12" failures="0" timestamp="04 Apr 2021 16:48:49 GMT" time="48.866" errors="0">
  <testcase name="Login_01_Empty_Email_And_Password" time="2.547" classname="com.liveguru.login.Level_04_Register_Login_Multiple_Browser"/>
  <testcase name="Login_02_Invalid_Email" time="1.406" classname="com.liveguru.login.Level_04_Register_Login_Multiple_Browser"/>
  <testcase name="Login_05_Incorrect_Password" time="2.744" classname="com.liveguru.login.Level_04_Register_Login_Multiple_Browser"/>
  <testcase name="Login_01_Empty_Email_And_Password" time="2.124" classname="com.liveguru.login.Level_04_Register_Login_Multiple_Browser"/>
  <testcase name="Login_04_Incorrect_Email" time="3.176" classname="com.liveguru.login.Level_04_Register_Login_Multiple_Browser"/>
  <testcase name="Login_06_Valid_Email_And_Password" time="6.255" classname="com.liveguru.login.Level_04_Register_Login_Multiple_Browser"/>
  <testcase name="Login_04_Incorrect_Email" time="8.573" classname="com.liveguru.login.Level_04_Register_Login_Multiple_Browser"/>
  <testcase name="Login_06_Valid_Email_And_Password" time="2.990" classname="com.liveguru.login.Level_04_Register_Login_Multiple_Browser"/>
  <testcase name="Login_02_Invalid_Email" time="4.300" classname="com.liveguru.login.Level_04_Register_Login_Multiple_Browser"/>
  <testcase name="Login_03_Invalid_Password" time="5.033" classname="com.liveguru.login.Level_04_Register_Login_Multiple_Browser"/>
  <testcase name="Login_05_Incorrect_Password" time="8.282" classname="com.liveguru.login.Level_04_Register_Login_Multiple_Browser"/>
  <testcase name="Login_03_Invalid_Password" time="1.436" classname="com.liveguru.login.Level_04_Register_Login_Multiple_Browser"/>
</testsuite> <!-- com.liveguru.login.Level_04_Register_Login_Multiple_Browser -->
