<?xml version="1.0" encoding="UTF-8"?>
<!-- Generated by org.testng.reporters.JUnitReportReporter -->
<testsuite skipped="0" hostname="HaiYen-PC" name="com.nopcommerce.register.Register" tests="2" failures="0" timestamp="18 Apr 2021 15:22:38 GMT" time="25.577" errors="0">
  <testcase name="TC_02_Register_With_Wrong_Email" time="1.406" classname="com.nopcommerce.register.Register"/>
  <testcase name="TC_06_Register_With_Valid_Data" time="24.171" classname="com.nopcommerce.register.Register"/>
</testsuite> <!-- com.nopcommerce.register.Register -->
