<?xml version="1.0" encoding="UTF-8"?>
<!-- Generated by org.testng.reporters.JUnitReportReporter -->
<testsuite skipped="0" hostname="HaiYen-PC" name="com.nopcommerce.register.Register" tests="2" failures="0" timestamp="05 Apr 2021 18:59:36 GMT" time="15.285" errors="0">
  <testcase name="TC_03_Register_With_Existing_Email" time="11.036" classname="com.nopcommerce.register.Register"/>
  <testcase name="TC_02_Register_With_Wrong_Email" time="4.249" classname="com.nopcommerce.register.Register"/>
</testsuite> <!-- com.nopcommerce.register.Register -->
