<?xml version="1.0" encoding="UTF-8"?>
<!-- Generated by org.testng.reporters.JUnitReportReporter -->
<testsuite skipped="0" hostname="HaiYen-PC" name="com.nopcommerce.login.Level_03_Register_Login_Page_Object" tests="2" failures="0" timestamp="10 Apr 2021 08:02:46 GMT" time="30.308" errors="0">
  <testcase name="Login_01_Register_To_System" time="20.495" classname="com.nopcommerce.login.Level_03_Register_Login_Page_Object"/>
  <testcase name="Login_01_Register_To_System" time="9.813" classname="com.nopcommerce.login.Level_03_Register_Login_Page_Object"/>
</testsuite> <!-- com.nopcommerce.login.Level_03_Register_Login_Page_Object -->
